18:26:58.245 [main] DEBUG io.netty.util.internal.PlatformDependent0 - sun.misc.Unsafe.theUnsafe: available
18:26:58.258 [main] DEBUG io.netty.util.internal.PlatformDependent0 - sun.misc.Unsafe.copyMemory: available
18:26:58.259 [main] DEBUG io.netty.util.internal.PlatformDependent0 - sun.misc.Unsafe.storeFence: available
18:26:58.260 [main] DEBUG io.netty.util.internal.PlatformDependent0 - java.nio.Buffer.address: available
18:26:58.261 [main] DEBUG io.netty.util.internal.PlatformDependent0 - direct buffer constructor: unavailable: Reflective setAccessible(true) disabled
18:26:58.262 [main] DEBUG io.netty.util.internal.PlatformDependent0 - java.nio.Bits.unaligned: available, true
18:26:58.264 [main] DEBUG io.netty.util.internal.PlatformDependent0 - jdk.internal.misc.Unsafe.allocateUninitializedArray(int): unavailable: class io.netty.util.internal.PlatformDependent0$7 cannot access class jdk.internal.misc.Unsafe (in module java.base) because module java.base does not export jdk.internal.misc to unnamed module @1ed6993a
18:26:58.265 [main] DEBUG io.netty.util.internal.PlatformDependent0 - java.nio.DirectByteBuffer.<init>(long, int): unavailable
18:26:58.265 [main] DEBUG io.netty.util.internal.PlatformDependent - sun.misc.Unsafe: available
18:26:58.266 [main] DEBUG io.netty.util.internal.PlatformDependent - maxDirectMemory: 4267704320 bytes (maybe)
18:26:58.266 [main] DEBUG io.netty.util.internal.PlatformDependent - -Dio.netty.tmpdir: C:\Users\Kartikey\AppData\Local\Temp (java.io.tmpdir)
18:26:58.266 [main] DEBUG io.netty.util.internal.PlatformDependent - -Dio.netty.bitMode: 64 (sun.arch.data.model)
18:26:58.267 [main] DEBUG io.netty.util.internal.PlatformDependent - Platform: Windows
18:26:58.268 [main] DEBUG io.netty.util.internal.PlatformDependent - -Dio.netty.maxDirectMemory: -1 bytes
18:26:58.268 [main] DEBUG io.netty.util.internal.PlatformDependent - -Dio.netty.uninitializedArrayAllocationThreshold: -1
18:26:58.271 [main] DEBUG io.netty.util.internal.CleanerJava9 - java.nio.ByteBuffer.cleaner(): available
18:26:58.271 [main] DEBUG io.netty.util.internal.PlatformDependent - -Dio.netty.noPreferDirect: false
18:26:58.279 [main] DEBUG io.netty.util.internal.PlatformDependent - org.jctools-core.MpscChunkedArrayQueue: available
18:26:58.301 [main] DEBUG io.netty.util.internal.InternalThreadLocalMap - -Dio.netty.threadLocalMap.stringBuilder.initialSize: 1024
18:26:58.301 [main] DEBUG io.netty.util.internal.InternalThreadLocalMap - -Dio.netty.threadLocalMap.stringBuilder.maxSize: 4096
18:26:58.477 [main] DEBUG io.netty.handler.ssl.JdkSslContext - Default protocols (JDK): [TLSv1.3, TLSv1.2] 
18:26:58.478 [main] DEBUG io.netty.handler.ssl.JdkSslContext - Default cipher suites (JDK): [TLS_ECDHE_ECDSA_WITH_AES_256_GCM_SHA384, TLS_ECDHE_ECDSA_WITH_AES_128_GCM_SHA256, TLS_ECDHE_RSA_WITH_AES_128_GCM_SHA256, TLS_ECDHE_RSA_WITH_AES_256_GCM_SHA384, TLS_ECDHE_RSA_WITH_AES_128_CBC_SHA, TLS_ECDHE_RSA_WITH_AES_256_CBC_SHA, TLS_RSA_WITH_AES_128_GCM_SHA256, TLS_RSA_WITH_AES_128_CBC_SHA, TLS_RSA_WITH_AES_256_CBC_SHA, TLS_AES_128_GCM_SHA256, TLS_AES_256_GCM_SHA384]
18:26:58.512 [main] DEBUG io.netty.channel.MultithreadEventLoopGroup - -Dio.netty.eventLoopThreads: 8
18:26:58.524 [main] DEBUG io.netty.channel.nio.NioEventLoop - -Dio.netty.noKeySetOptimization: false
18:26:58.524 [main] DEBUG io.netty.channel.nio.NioEventLoop - -Dio.netty.selectorAutoRebuildThreshold: 512
18:26:58.583 [main] DEBUG io.netty.buffer.PooledByteBufAllocator - -Dio.netty.allocator.numHeapArenas: 8
18:26:58.583 [main] DEBUG io.netty.buffer.PooledByteBufAllocator - -Dio.netty.allocator.numDirectArenas: 8
18:26:58.584 [main] DEBUG io.netty.buffer.PooledByteBufAllocator - -Dio.netty.allocator.pageSize: 8192
18:26:58.584 [main] DEBUG io.netty.buffer.PooledByteBufAllocator - -Dio.netty.allocator.maxOrder: 9
18:26:58.584 [main] DEBUG io.netty.buffer.PooledByteBufAllocator - -Dio.netty.allocator.chunkSize: 4194304
18:26:58.584 [main] DEBUG io.netty.buffer.PooledByteBufAllocator - -Dio.netty.allocator.smallCacheSize: 256
18:26:58.584 [main] DEBUG io.netty.buffer.PooledByteBufAllocator - -Dio.netty.allocator.normalCacheSize: 64
18:26:58.584 [main] DEBUG io.netty.buffer.PooledByteBufAllocator - -Dio.netty.allocator.maxCachedBufferCapacity: 32768
18:26:58.585 [main] DEBUG io.netty.buffer.PooledByteBufAllocator - -Dio.netty.allocator.cacheTrimInterval: 8192
18:26:58.585 [main] DEBUG io.netty.buffer.PooledByteBufAllocator - -Dio.netty.allocator.cacheTrimIntervalMillis: 0
18:26:58.585 [main] DEBUG io.netty.buffer.PooledByteBufAllocator - -Dio.netty.allocator.useCacheForAllThreads: false
18:26:58.585 [main] DEBUG io.netty.buffer.PooledByteBufAllocator - -Dio.netty.allocator.maxCachedByteBuffersPerChunk: 1023
18:26:58.599 [main] DEBUG io.netty.buffer.ByteBufUtil - -Dio.netty.allocator.type: pooled
18:26:58.600 [main] DEBUG io.netty.buffer.ByteBufUtil - -Dio.netty.threadLocalDirectBufferSize: 0
18:26:58.600 [main] DEBUG io.netty.buffer.ByteBufUtil - -Dio.netty.maxThreadLocalCharBufferSize: 16384
18:26:59.064 [Forwarding newSession on session null to remote] DEBUG io.netty.channel.DefaultChannelId - -Dio.netty.processId: 11844 (auto-detected)
18:26:59.067 [Forwarding newSession on session null to remote] DEBUG io.netty.util.NetUtil - -Djava.net.preferIPv4Stack: false
18:26:59.067 [Forwarding newSession on session null to remote] DEBUG io.netty.util.NetUtil - -Djava.net.preferIPv6Addresses: false
18:26:59.080 [Forwarding newSession on session null to remote] DEBUG io.netty.util.NetUtilInitializations - Loopback interface: lo (Software Loopback Interface 1, 127.0.0.1)
18:26:59.082 [Forwarding newSession on session null to remote] DEBUG io.netty.util.NetUtil - Failed to get SOMAXCONN from sysctl and file \proc\sys\net\core\somaxconn. Default: 200
18:26:59.125 [Forwarding newSession on session null to remote] DEBUG io.netty.channel.DefaultChannelId - -Dio.netty.machineId: 00:50:56:ff:fe:c0:00:01 (auto-detected)
18:26:59.193 [AsyncHttpClient-1-2] DEBUG io.netty.buffer.AbstractByteBuf - -Dio.netty.buffer.checkAccessible: true
18:26:59.193 [AsyncHttpClient-1-2] DEBUG io.netty.buffer.AbstractByteBuf - -Dio.netty.buffer.checkBounds: true
18:26:59.193 [AsyncHttpClient-1-2] DEBUG io.netty.util.ResourceLeakDetectorFactory - Loaded default ResourceLeakDetector: io.netty.util.ResourceLeakDetector@31946d5a
18:26:59.218 [AsyncHttpClient-1-2] DEBUG io.netty.util.Recycler - -Dio.netty.recycler.maxCapacityPerThread: 4096
18:26:59.219 [AsyncHttpClient-1-2] DEBUG io.netty.util.Recycler - -Dio.netty.recycler.ratio: 8
18:26:59.219 [AsyncHttpClient-1-2] DEBUG io.netty.util.Recycler - -Dio.netty.recycler.chunkSize: 32
18:26:59.219 [AsyncHttpClient-1-2] DEBUG io.netty.util.Recycler - -Dio.netty.recycler.blocking: false
18:27:00.141 [AsyncHttpClient-1-2] DEBUG io.netty.handler.codec.compression.Brotli - brotli4j not in the classpath; Brotli support will be unavailable.
18:27:00.334 [main] DEBUG io.netty.util.internal.ThreadLocalRandom - -Dio.netty.initialSeedUniquifier: 0x8783848fc5e6f2f7
18:27:02.530 [main] DEBUG testCases.TC_01_AccountRegistrationTest - Application logs............
18:27:02.530 [main] INFO  testCases.TC_01_AccountRegistrationTest - *********Starting TC_01_AccountRegistrationTest*********
18:27:04.242 [main] INFO  testCases.TC_01_AccountRegistrationTest - Clicked on My Account
18:27:04.646 [main] INFO  testCases.TC_01_AccountRegistrationTest - Entered Email
18:27:04.822 [main] INFO  testCases.TC_01_AccountRegistrationTest - Entered Pass
18:27:06.380 [main] INFO  testCases.TC_01_AccountRegistrationTest - Clicked Register
18:27:06.547 [main] INFO  testCases.TC_01_AccountRegistrationTest - *********Finished TC_01_AccountRegistrationTest*********
18:27:35.215 [main] DEBUG io.netty.util.internal.logging.InternalLoggerFactory - Using Log4J2 as the default logging framework
18:27:35.235 [main] DEBUG io.netty.util.ResourceLeakDetector - -Dio.netty.leakDetection.level: simple
18:27:35.235 [main] DEBUG io.netty.util.ResourceLeakDetector - -Dio.netty.leakDetection.targetRecords: 4
18:27:35.241 [main] DEBUG io.netty.util.ResourceLeakDetectorFactory - Loaded default ResourceLeakDetector: io.netty.util.ResourceLeakDetector@3bde62ff
18:27:35.269 [main] DEBUG io.netty.util.internal.PlatformDependent0 - -Dio.netty.noUnsafe: false
18:27:35.269 [main] DEBUG io.netty.util.internal.PlatformDependent0 - Java version: 19
18:27:35.270 [main] DEBUG io.netty.util.internal.PlatformDependent0 - sun.misc.Unsafe.theUnsafe: available
18:27:35.271 [main] DEBUG io.netty.util.internal.PlatformDependent0 - sun.misc.Unsafe.copyMemory: available
18:27:35.272 [main] DEBUG io.netty.util.internal.PlatformDependent0 - sun.misc.Unsafe.storeFence: available
18:27:35.273 [main] DEBUG io.netty.util.internal.PlatformDependent0 - java.nio.Buffer.address: available
18:27:35.274 [main] DEBUG io.netty.util.internal.PlatformDependent0 - direct buffer constructor: unavailable: Reflective setAccessible(true) disabled
18:27:35.275 [main] DEBUG io.netty.util.internal.PlatformDependent0 - java.nio.Bits.unaligned: available, true
18:27:35.277 [main] DEBUG io.netty.util.internal.PlatformDependent0 - jdk.internal.misc.Unsafe.allocateUninitializedArray(int): unavailable: class io.netty.util.internal.PlatformDependent0$7 cannot access class jdk.internal.misc.Unsafe (in module java.base) because module java.base does not export jdk.internal.misc to unnamed module @1ed6993a
18:27:35.279 [main] DEBUG io.netty.util.internal.PlatformDependent0 - java.nio.DirectByteBuffer.<init>(long, int): unavailable
18:27:35.279 [main] DEBUG io.netty.util.internal.PlatformDependent - sun.misc.Unsafe: available
18:27:35.280 [main] DEBUG io.netty.util.internal.PlatformDependent - maxDirectMemory: 4267704320 bytes (maybe)
18:27:35.281 [main] DEBUG io.netty.util.internal.PlatformDependent - -Dio.netty.tmpdir: C:\Users\Kartikey\AppData\Local\Temp (java.io.tmpdir)
18:27:35.281 [main] DEBUG io.netty.util.internal.PlatformDependent - -Dio.netty.bitMode: 64 (sun.arch.data.model)
18:27:35.282 [main] DEBUG io.netty.util.internal.PlatformDependent - Platform: Windows
18:27:35.283 [main] DEBUG io.netty.util.internal.PlatformDependent - -Dio.netty.maxDirectMemory: -1 bytes
18:27:35.283 [main] DEBUG io.netty.util.internal.PlatformDependent - -Dio.netty.uninitializedArrayAllocationThreshold: -1
18:27:35.286 [main] DEBUG io.netty.util.internal.CleanerJava9 - java.nio.ByteBuffer.cleaner(): available
18:27:35.286 [main] DEBUG io.netty.util.internal.PlatformDependent - -Dio.netty.noPreferDirect: false
18:27:35.296 [main] DEBUG io.netty.util.internal.PlatformDependent - org.jctools-core.MpscChunkedArrayQueue: available
18:27:35.319 [main] DEBUG io.netty.util.internal.InternalThreadLocalMap - -Dio.netty.threadLocalMap.stringBuilder.initialSize: 1024
18:27:35.319 [main] DEBUG io.netty.util.internal.InternalThreadLocalMap - -Dio.netty.threadLocalMap.stringBuilder.maxSize: 4096
18:27:35.490 [main] DEBUG io.netty.handler.ssl.JdkSslContext - Default protocols (JDK): [TLSv1.3, TLSv1.2] 
18:27:35.490 [main] DEBUG io.netty.handler.ssl.JdkSslContext - Default cipher suites (JDK): [TLS_ECDHE_ECDSA_WITH_AES_256_GCM_SHA384, TLS_ECDHE_ECDSA_WITH_AES_128_GCM_SHA256, TLS_ECDHE_RSA_WITH_AES_128_GCM_SHA256, TLS_ECDHE_RSA_WITH_AES_256_GCM_SHA384, TLS_ECDHE_RSA_WITH_AES_128_CBC_SHA, TLS_ECDHE_RSA_WITH_AES_256_CBC_SHA, TLS_RSA_WITH_AES_128_GCM_SHA256, TLS_RSA_WITH_AES_128_CBC_SHA, TLS_RSA_WITH_AES_256_CBC_SHA, TLS_AES_128_GCM_SHA256, TLS_AES_256_GCM_SHA384]
18:27:35.523 [main] DEBUG io.netty.channel.MultithreadEventLoopGroup - -Dio.netty.eventLoopThreads: 8
18:27:35.534 [main] DEBUG io.netty.channel.nio.NioEventLoop - -Dio.netty.noKeySetOptimization: false
18:27:35.534 [main] DEBUG io.netty.channel.nio.NioEventLoop - -Dio.netty.selectorAutoRebuildThreshold: 512
18:27:35.594 [main] DEBUG io.netty.buffer.PooledByteBufAllocator - -Dio.netty.allocator.numHeapArenas: 8
18:27:35.594 [main] DEBUG io.netty.buffer.PooledByteBufAllocator - -Dio.netty.allocator.numDirectArenas: 8
18:27:35.594 [main] DEBUG io.netty.buffer.PooledByteBufAllocator - -Dio.netty.allocator.pageSize: 8192
18:27:35.595 [main] DEBUG io.netty.buffer.PooledByteBufAllocator - -Dio.netty.allocator.maxOrder: 9
18:27:35.595 [main] DEBUG io.netty.buffer.PooledByteBufAllocator - -Dio.netty.allocator.chunkSize: 4194304
18:27:35.595 [main] DEBUG io.netty.buffer.PooledByteBufAllocator - -Dio.netty.allocator.smallCacheSize: 256
18:27:35.595 [main] DEBUG io.netty.buffer.PooledByteBufAllocator - -Dio.netty.allocator.normalCacheSize: 64
18:27:35.595 [main] DEBUG io.netty.buffer.PooledByteBufAllocator - -Dio.netty.allocator.maxCachedBufferCapacity: 32768
18:27:35.595 [main] DEBUG io.netty.buffer.PooledByteBufAllocator - -Dio.netty.allocator.cacheTrimInterval: 8192
18:27:35.595 [main] DEBUG io.netty.buffer.PooledByteBufAllocator - -Dio.netty.allocator.cacheTrimIntervalMillis: 0
18:27:35.595 [main] DEBUG io.netty.buffer.PooledByteBufAllocator - -Dio.netty.allocator.useCacheForAllThreads: false
18:27:35.595 [main] DEBUG io.netty.buffer.PooledByteBufAllocator - -Dio.netty.allocator.maxCachedByteBuffersPerChunk: 1023
18:27:35.610 [main] DEBUG io.netty.buffer.ByteBufUtil - -Dio.netty.allocator.type: pooled
18:27:35.610 [main] DEBUG io.netty.buffer.ByteBufUtil - -Dio.netty.threadLocalDirectBufferSize: 0
18:27:35.610 [main] DEBUG io.netty.buffer.ByteBufUtil - -Dio.netty.maxThreadLocalCharBufferSize: 16384
18:27:36.089 [Forwarding newSession on session null to remote] DEBUG io.netty.channel.DefaultChannelId - -Dio.netty.processId: 24920 (auto-detected)
18:27:36.092 [Forwarding newSession on session null to remote] DEBUG io.netty.util.NetUtil - -Djava.net.preferIPv4Stack: false
18:27:36.092 [Forwarding newSession on session null to remote] DEBUG io.netty.util.NetUtil - -Djava.net.preferIPv6Addresses: false
18:27:36.106 [Forwarding newSession on session null to remote] DEBUG io.netty.util.NetUtilInitializations - Loopback interface: lo (Software Loopback Interface 1, 127.0.0.1)
18:27:36.107 [Forwarding newSession on session null to remote] DEBUG io.netty.util.NetUtil - Failed to get SOMAXCONN from sysctl and file \proc\sys\net\core\somaxconn. Default: 200
18:27:36.154 [Forwarding newSession on session null to remote] DEBUG io.netty.channel.DefaultChannelId - -Dio.netty.machineId: 00:50:56:ff:fe:c0:00:01 (auto-detected)
18:27:36.218 [AsyncHttpClient-1-2] DEBUG io.netty.buffer.AbstractByteBuf - -Dio.netty.buffer.checkAccessible: true
18:27:36.218 [AsyncHttpClient-1-2] DEBUG io.netty.buffer.AbstractByteBuf - -Dio.netty.buffer.checkBounds: true
18:27:36.218 [AsyncHttpClient-1-2] DEBUG io.netty.util.ResourceLeakDetectorFactory - Loaded default ResourceLeakDetector: io.netty.util.ResourceLeakDetector@42e89e83
18:27:36.244 [AsyncHttpClient-1-2] DEBUG io.netty.util.Recycler - -Dio.netty.recycler.maxCapacityPerThread: 4096
18:27:36.244 [AsyncHttpClient-1-2] DEBUG io.netty.util.Recycler - -Dio.netty.recycler.ratio: 8
18:27:36.244 [AsyncHttpClient-1-2] DEBUG io.netty.util.Recycler - -Dio.netty.recycler.chunkSize: 32
18:27:36.244 [AsyncHttpClient-1-2] DEBUG io.netty.util.Recycler - -Dio.netty.recycler.blocking: false
18:27:37.140 [AsyncHttpClient-1-2] DEBUG io.netty.handler.codec.compression.Brotli - brotli4j not in the classpath; Brotli support will be unavailable.
18:27:37.326 [main] DEBUG io.netty.util.internal.ThreadLocalRandom - -Dio.netty.initialSeedUniquifier: 0x5de6f017d2903538
18:27:39.559 [main] DEBUG testCases.TC_01_AccountRegistrationTest - Application logs............
18:27:39.560 [main] INFO  testCases.TC_01_AccountRegistrationTest - *********Starting TC_01_AccountRegistrationTest*********
18:27:41.252 [main] INFO  testCases.TC_01_AccountRegistrationTest - Clicked on My Account
18:27:41.516 [main] INFO  testCases.TC_01_AccountRegistrationTest - Entered Email
18:27:41.724 [main] INFO  testCases.TC_01_AccountRegistrationTest - Entered Pass
18:27:43.580 [main] INFO  testCases.TC_01_AccountRegistrationTest - Clicked Register
18:27:43.663 [main] INFO  testCases.TC_01_AccountRegistrationTest - *********Finished TC_01_AccountRegistrationTest*********
18:42:08.984 [main] DEBUG io.netty.util.internal.logging.InternalLoggerFactory - Using Log4J2 as the default logging framework
18:42:09.005 [main] DEBUG io.netty.util.ResourceLeakDetector - -Dio.netty.leakDetection.level: simple
18:42:09.006 [main] DEBUG io.netty.util.ResourceLeakDetector - -Dio.netty.leakDetection.targetRecords: 4
18:42:09.011 [main] DEBUG io.netty.util.ResourceLeakDetectorFactory - Loaded default ResourceLeakDetector: io.netty.util.ResourceLeakDetector@3bde62ff
18:42:09.040 [main] DEBUG io.netty.util.internal.PlatformDependent0 - -Dio.netty.noUnsafe: false
18:42:09.040 [main] DEBUG io.netty.util.internal.PlatformDependent0 - Java version: 19
18:42:09.042 [main] DEBUG io.netty.util.internal.PlatformDependent0 - sun.misc.Unsafe.theUnsafe: available
18:42:09.042 [main] DEBUG io.netty.util.internal.PlatformDependent0 - sun.misc.Unsafe.copyMemory: available
18:42:09.043 [main] DEBUG io.netty.util.internal.PlatformDependent0 - sun.misc.Unsafe.storeFence: available
18:42:09.045 [main] DEBUG io.netty.util.internal.PlatformDependent0 - java.nio.Buffer.address: available
18:42:09.046 [main] DEBUG io.netty.util.internal.PlatformDependent0 - direct buffer constructor: unavailable: Reflective setAccessible(true) disabled
18:42:09.047 [main] DEBUG io.netty.util.internal.PlatformDependent0 - java.nio.Bits.unaligned: available, true
18:42:09.049 [main] DEBUG io.netty.util.internal.PlatformDependent0 - jdk.internal.misc.Unsafe.allocateUninitializedArray(int): unavailable: class io.netty.util.internal.PlatformDependent0$7 cannot access class jdk.internal.misc.Unsafe (in module java.base) because module java.base does not export jdk.internal.misc to unnamed module @1ed6993a
18:42:09.050 [main] DEBUG io.netty.util.internal.PlatformDependent0 - java.nio.DirectByteBuffer.<init>(long, int): unavailable
18:42:09.051 [main] DEBUG io.netty.util.internal.PlatformDependent - sun.misc.Unsafe: available
18:42:09.051 [main] DEBUG io.netty.util.internal.PlatformDependent - maxDirectMemory: 4267704320 bytes (maybe)
18:42:09.052 [main] DEBUG io.netty.util.internal.PlatformDependent - -Dio.netty.tmpdir: C:\Users\Kartikey\AppData\Local\Temp (java.io.tmpdir)
18:42:09.052 [main] DEBUG io.netty.util.internal.PlatformDependent - -Dio.netty.bitMode: 64 (sun.arch.data.model)
18:42:09.053 [main] DEBUG io.netty.util.internal.PlatformDependent - Platform: Windows
18:42:09.054 [main] DEBUG io.netty.util.internal.PlatformDependent - -Dio.netty.maxDirectMemory: -1 bytes
18:42:09.054 [main] DEBUG io.netty.util.internal.PlatformDependent - -Dio.netty.uninitializedArrayAllocationThreshold: -1
18:42:09.056 [main] DEBUG io.netty.util.internal.CleanerJava9 - java.nio.ByteBuffer.cleaner(): available
18:42:09.056 [main] DEBUG io.netty.util.internal.PlatformDependent - -Dio.netty.noPreferDirect: false
18:42:09.066 [main] DEBUG io.netty.util.internal.PlatformDependent - org.jctools-core.MpscChunkedArrayQueue: available
18:42:09.087 [main] DEBUG io.netty.util.internal.InternalThreadLocalMap - -Dio.netty.threadLocalMap.stringBuilder.initialSize: 1024
18:42:09.088 [main] DEBUG io.netty.util.internal.InternalThreadLocalMap - -Dio.netty.threadLocalMap.stringBuilder.maxSize: 4096
18:42:09.258 [main] DEBUG io.netty.handler.ssl.JdkSslContext - Default protocols (JDK): [TLSv1.3, TLSv1.2] 
18:42:09.259 [main] DEBUG io.netty.handler.ssl.JdkSslContext - Default cipher suites (JDK): [TLS_ECDHE_ECDSA_WITH_AES_256_GCM_SHA384, TLS_ECDHE_ECDSA_WITH_AES_128_GCM_SHA256, TLS_ECDHE_RSA_WITH_AES_128_GCM_SHA256, TLS_ECDHE_RSA_WITH_AES_256_GCM_SHA384, TLS_ECDHE_RSA_WITH_AES_128_CBC_SHA, TLS_ECDHE_RSA_WITH_AES_256_CBC_SHA, TLS_RSA_WITH_AES_128_GCM_SHA256, TLS_RSA_WITH_AES_128_CBC_SHA, TLS_RSA_WITH_AES_256_CBC_SHA, TLS_AES_128_GCM_SHA256, TLS_AES_256_GCM_SHA384]
18:42:09.292 [main] DEBUG io.netty.channel.MultithreadEventLoopGroup - -Dio.netty.eventLoopThreads: 8
18:42:09.302 [main] DEBUG io.netty.channel.nio.NioEventLoop - -Dio.netty.noKeySetOptimization: false
18:42:09.303 [main] DEBUG io.netty.channel.nio.NioEventLoop - -Dio.netty.selectorAutoRebuildThreshold: 512
18:42:09.358 [main] DEBUG io.netty.buffer.PooledByteBufAllocator - -Dio.netty.allocator.numHeapArenas: 8
18:42:09.358 [main] DEBUG io.netty.buffer.PooledByteBufAllocator - -Dio.netty.allocator.numDirectArenas: 8
18:42:09.358 [main] DEBUG io.netty.buffer.PooledByteBufAllocator - -Dio.netty.allocator.pageSize: 8192
18:42:09.358 [main] DEBUG io.netty.buffer.PooledByteBufAllocator - -Dio.netty.allocator.maxOrder: 9
18:42:09.358 [main] DEBUG io.netty.buffer.PooledByteBufAllocator - -Dio.netty.allocator.chunkSize: 4194304
18:42:09.358 [main] DEBUG io.netty.buffer.PooledByteBufAllocator - -Dio.netty.allocator.smallCacheSize: 256
18:42:09.358 [main] DEBUG io.netty.buffer.PooledByteBufAllocator - -Dio.netty.allocator.normalCacheSize: 64
18:42:09.358 [main] DEBUG io.netty.buffer.PooledByteBufAllocator - -Dio.netty.allocator.maxCachedBufferCapacity: 32768
18:42:09.358 [main] DEBUG io.netty.buffer.PooledByteBufAllocator - -Dio.netty.allocator.cacheTrimInterval: 8192
18:42:09.359 [main] DEBUG io.netty.buffer.PooledByteBufAllocator - -Dio.netty.allocator.cacheTrimIntervalMillis: 0
18:42:09.359 [main] DEBUG io.netty.buffer.PooledByteBufAllocator - -Dio.netty.allocator.useCacheForAllThreads: false
18:42:09.359 [main] DEBUG io.netty.buffer.PooledByteBufAllocator - -Dio.netty.allocator.maxCachedByteBuffersPerChunk: 1023
18:42:09.372 [main] DEBUG io.netty.buffer.ByteBufUtil - -Dio.netty.allocator.type: pooled
18:42:09.372 [main] DEBUG io.netty.buffer.ByteBufUtil - -Dio.netty.threadLocalDirectBufferSize: 0
18:42:09.372 [main] DEBUG io.netty.buffer.ByteBufUtil - -Dio.netty.maxThreadLocalCharBufferSize: 16384
18:42:09.817 [Forwarding newSession on session null to remote] DEBUG io.netty.channel.DefaultChannelId - -Dio.netty.processId: 19060 (auto-detected)
18:42:09.821 [Forwarding newSession on session null to remote] DEBUG io.netty.util.NetUtil - -Djava.net.preferIPv4Stack: false
18:42:09.821 [Forwarding newSession on session null to remote] DEBUG io.netty.util.NetUtil - -Djava.net.preferIPv6Addresses: false
18:42:09.835 [Forwarding newSession on session null to remote] DEBUG io.netty.util.NetUtilInitializations - Loopback interface: lo (Software Loopback Interface 1, 127.0.0.1)
18:42:09.836 [Forwarding newSession on session null to remote] DEBUG io.netty.util.NetUtil - Failed to get SOMAXCONN from sysctl and file \proc\sys\net\core\somaxconn. Default: 200
18:42:09.880 [Forwarding newSession on session null to remote] DEBUG io.netty.channel.DefaultChannelId - -Dio.netty.machineId: 00:50:56:ff:fe:c0:00:01 (auto-detected)
18:42:09.940 [AsyncHttpClient-1-2] DEBUG io.netty.buffer.AbstractByteBuf - -Dio.netty.buffer.checkAccessible: true
18:42:09.940 [AsyncHttpClient-1-2] DEBUG io.netty.buffer.AbstractByteBuf - -Dio.netty.buffer.checkBounds: true
18:42:09.940 [AsyncHttpClient-1-2] DEBUG io.netty.util.ResourceLeakDetectorFactory - Loaded default ResourceLeakDetector: io.netty.util.ResourceLeakDetector@3cfe792c
18:42:09.966 [AsyncHttpClient-1-2] DEBUG io.netty.util.Recycler - -Dio.netty.recycler.maxCapacityPerThread: 4096
18:42:09.966 [AsyncHttpClient-1-2] DEBUG io.netty.util.Recycler - -Dio.netty.recycler.ratio: 8
18:42:09.966 [AsyncHttpClient-1-2] DEBUG io.netty.util.Recycler - -Dio.netty.recycler.chunkSize: 32
18:42:09.966 [AsyncHttpClient-1-2] DEBUG io.netty.util.Recycler - -Dio.netty.recycler.blocking: false
18:42:10.973 [AsyncHttpClient-1-2] DEBUG io.netty.handler.codec.compression.Brotli - brotli4j not in the classpath; Brotli support will be unavailable.
18:42:11.188 [main] DEBUG io.netty.util.internal.ThreadLocalRandom - -Dio.netty.initialSeedUniquifier: 0xd5f1991c6f042460
18:42:13.985 [main] DEBUG testCases.TC_01_AccountRegistrationTest - Application logs............
18:42:13.985 [main] INFO  testCases.TC_01_AccountRegistrationTest - *********Starting TC_01_AccountRegistrationTest*********
18:42:15.535 [main] INFO  testCases.TC_01_AccountRegistrationTest - Clicked on My Account
18:42:25.921 [main] ERROR testCases.TC_01_AccountRegistrationTest - Test is failed.
18:43:06.622 [main] DEBUG io.netty.util.internal.logging.InternalLoggerFactory - Using Log4J2 as the default logging framework
18:43:06.639 [main] DEBUG io.netty.util.ResourceLeakDetector - -Dio.netty.leakDetection.level: simple
18:43:06.639 [main] DEBUG io.netty.util.ResourceLeakDetector - -Dio.netty.leakDetection.targetRecords: 4
18:43:06.645 [main] DEBUG io.netty.util.ResourceLeakDetectorFactory - Loaded default ResourceLeakDetector: io.netty.util.ResourceLeakDetector@3bde62ff
18:43:06.673 [main] DEBUG io.netty.util.internal.PlatformDependent0 - -Dio.netty.noUnsafe: false
18:43:06.674 [main] DEBUG io.netty.util.internal.PlatformDependent0 - Java version: 19
18:43:06.675 [main] DEBUG io.netty.util.internal.PlatformDependent0 - sun.misc.Unsafe.theUnsafe: available
18:43:06.676 [main] DEBUG io.netty.util.internal.PlatformDependent0 - sun.misc.Unsafe.copyMemory: available
18:43:06.676 [main] DEBUG io.netty.util.internal.PlatformDependent0 - sun.misc.Unsafe.storeFence: available
18:43:06.677 [main] DEBUG io.netty.util.internal.PlatformDependent0 - java.nio.Buffer.address: available
18:43:06.678 [main] DEBUG io.netty.util.internal.PlatformDependent0 - direct buffer constructor: unavailable: Reflective setAccessible(true) disabled
18:43:06.680 [main] DEBUG io.netty.util.internal.PlatformDependent0 - java.nio.Bits.unaligned: available, true
18:43:06.681 [main] DEBUG io.netty.util.internal.PlatformDependent0 - jdk.internal.misc.Unsafe.allocateUninitializedArray(int): unavailable: class io.netty.util.internal.PlatformDependent0$7 cannot access class jdk.internal.misc.Unsafe (in module java.base) because module java.base does not export jdk.internal.misc to unnamed module @1ed6993a
18:43:06.683 [main] DEBUG io.netty.util.internal.PlatformDependent0 - java.nio.DirectByteBuffer.<init>(long, int): unavailable
18:43:06.683 [main] DEBUG io.netty.util.internal.PlatformDependent - sun.misc.Unsafe: available
18:43:06.683 [main] DEBUG io.netty.util.internal.PlatformDependent - maxDirectMemory: 4267704320 bytes (maybe)
18:43:06.684 [main] DEBUG io.netty.util.internal.PlatformDependent - -Dio.netty.tmpdir: C:\Users\Kartikey\AppData\Local\Temp (java.io.tmpdir)
18:43:06.684 [main] DEBUG io.netty.util.internal.PlatformDependent - -Dio.netty.bitMode: 64 (sun.arch.data.model)
18:43:06.685 [main] DEBUG io.netty.util.internal.PlatformDependent - Platform: Windows
18:43:06.686 [main] DEBUG io.netty.util.internal.PlatformDependent - -Dio.netty.maxDirectMemory: -1 bytes
18:43:06.686 [main] DEBUG io.netty.util.internal.PlatformDependent - -Dio.netty.uninitializedArrayAllocationThreshold: -1
18:43:06.688 [main] DEBUG io.netty.util.internal.CleanerJava9 - java.nio.ByteBuffer.cleaner(): available
18:43:06.688 [main] DEBUG io.netty.util.internal.PlatformDependent - -Dio.netty.noPreferDirect: false
18:43:06.699 [main] DEBUG io.netty.util.internal.PlatformDependent - org.jctools-core.MpscChunkedArrayQueue: available
18:43:06.722 [main] DEBUG io.netty.util.internal.InternalThreadLocalMap - -Dio.netty.threadLocalMap.stringBuilder.initialSize: 1024
18:43:06.722 [main] DEBUG io.netty.util.internal.InternalThreadLocalMap - -Dio.netty.threadLocalMap.stringBuilder.maxSize: 4096
18:43:06.908 [main] DEBUG io.netty.handler.ssl.JdkSslContext - Default protocols (JDK): [TLSv1.3, TLSv1.2] 
18:43:06.908 [main] DEBUG io.netty.handler.ssl.JdkSslContext - Default cipher suites (JDK): [TLS_ECDHE_ECDSA_WITH_AES_256_GCM_SHA384, TLS_ECDHE_ECDSA_WITH_AES_128_GCM_SHA256, TLS_ECDHE_RSA_WITH_AES_128_GCM_SHA256, TLS_ECDHE_RSA_WITH_AES_256_GCM_SHA384, TLS_ECDHE_RSA_WITH_AES_128_CBC_SHA, TLS_ECDHE_RSA_WITH_AES_256_CBC_SHA, TLS_RSA_WITH_AES_128_GCM_SHA256, TLS_RSA_WITH_AES_128_CBC_SHA, TLS_RSA_WITH_AES_256_CBC_SHA, TLS_AES_128_GCM_SHA256, TLS_AES_256_GCM_SHA384]
18:43:06.943 [main] DEBUG io.netty.channel.MultithreadEventLoopGroup - -Dio.netty.eventLoopThreads: 8
18:43:06.954 [main] DEBUG io.netty.channel.nio.NioEventLoop - -Dio.netty.noKeySetOptimization: false
18:43:06.954 [main] DEBUG io.netty.channel.nio.NioEventLoop - -Dio.netty.selectorAutoRebuildThreshold: 512
18:43:07.019 [main] DEBUG io.netty.buffer.PooledByteBufAllocator - -Dio.netty.allocator.numHeapArenas: 8
18:43:07.019 [main] DEBUG io.netty.buffer.PooledByteBufAllocator - -Dio.netty.allocator.numDirectArenas: 8
18:43:07.019 [main] DEBUG io.netty.buffer.PooledByteBufAllocator - -Dio.netty.allocator.pageSize: 8192
18:43:07.019 [main] DEBUG io.netty.buffer.PooledByteBufAllocator - -Dio.netty.allocator.maxOrder: 9
18:43:07.019 [main] DEBUG io.netty.buffer.PooledByteBufAllocator - -Dio.netty.allocator.chunkSize: 4194304
18:43:07.019 [main] DEBUG io.netty.buffer.PooledByteBufAllocator - -Dio.netty.allocator.smallCacheSize: 256
18:43:07.020 [main] DEBUG io.netty.buffer.PooledByteBufAllocator - -Dio.netty.allocator.normalCacheSize: 64
18:43:07.020 [main] DEBUG io.netty.buffer.PooledByteBufAllocator - -Dio.netty.allocator.maxCachedBufferCapacity: 32768
18:43:07.020 [main] DEBUG io.netty.buffer.PooledByteBufAllocator - -Dio.netty.allocator.cacheTrimInterval: 8192
18:43:07.020 [main] DEBUG io.netty.buffer.PooledByteBufAllocator - -Dio.netty.allocator.cacheTrimIntervalMillis: 0
18:43:07.020 [main] DEBUG io.netty.buffer.PooledByteBufAllocator - -Dio.netty.allocator.useCacheForAllThreads: false
18:43:07.020 [main] DEBUG io.netty.buffer.PooledByteBufAllocator - -Dio.netty.allocator.maxCachedByteBuffersPerChunk: 1023
18:43:07.034 [main] DEBUG io.netty.buffer.ByteBufUtil - -Dio.netty.allocator.type: pooled
18:43:07.034 [main] DEBUG io.netty.buffer.ByteBufUtil - -Dio.netty.threadLocalDirectBufferSize: 0
18:43:07.034 [main] DEBUG io.netty.buffer.ByteBufUtil - -Dio.netty.maxThreadLocalCharBufferSize: 16384
18:43:07.539 [Forwarding newSession on session null to remote] DEBUG io.netty.channel.DefaultChannelId - -Dio.netty.processId: 21512 (auto-detected)
18:43:07.542 [Forwarding newSession on session null to remote] DEBUG io.netty.util.NetUtil - -Djava.net.preferIPv4Stack: false
18:43:07.543 [Forwarding newSession on session null to remote] DEBUG io.netty.util.NetUtil - -Djava.net.preferIPv6Addresses: false
18:43:07.559 [Forwarding newSession on session null to remote] DEBUG io.netty.util.NetUtilInitializations - Loopback interface: lo (Software Loopback Interface 1, 127.0.0.1)
18:43:07.561 [Forwarding newSession on session null to remote] DEBUG io.netty.util.NetUtil - Failed to get SOMAXCONN from sysctl and file \proc\sys\net\core\somaxconn. Default: 200
18:43:07.606 [Forwarding newSession on session null to remote] DEBUG io.netty.channel.DefaultChannelId - -Dio.netty.machineId: 00:50:56:ff:fe:c0:00:01 (auto-detected)
18:43:07.678 [AsyncHttpClient-1-2] DEBUG io.netty.buffer.AbstractByteBuf - -Dio.netty.buffer.checkAccessible: true
18:43:07.678 [AsyncHttpClient-1-2] DEBUG io.netty.buffer.AbstractByteBuf - -Dio.netty.buffer.checkBounds: true
18:43:07.678 [AsyncHttpClient-1-2] DEBUG io.netty.util.ResourceLeakDetectorFactory - Loaded default ResourceLeakDetector: io.netty.util.ResourceLeakDetector@3cfe792c
18:43:07.707 [AsyncHttpClient-1-2] DEBUG io.netty.util.Recycler - -Dio.netty.recycler.maxCapacityPerThread: 4096
18:43:07.707 [AsyncHttpClient-1-2] DEBUG io.netty.util.Recycler - -Dio.netty.recycler.ratio: 8
18:43:07.707 [AsyncHttpClient-1-2] DEBUG io.netty.util.Recycler - -Dio.netty.recycler.chunkSize: 32
18:43:07.707 [AsyncHttpClient-1-2] DEBUG io.netty.util.Recycler - -Dio.netty.recycler.blocking: false
18:43:08.682 [AsyncHttpClient-1-2] DEBUG io.netty.handler.codec.compression.Brotli - brotli4j not in the classpath; Brotli support will be unavailable.
18:43:08.906 [main] DEBUG io.netty.util.internal.ThreadLocalRandom - -Dio.netty.initialSeedUniquifier: 0xd9695656d7a48d57
18:43:11.444 [main] DEBUG testCases.TC_01_AccountRegistrationTest - Application logs............
18:43:11.444 [main] INFO  testCases.TC_01_AccountRegistrationTest - *********Starting TC_01_AccountRegistrationTest*********
18:43:13.193 [main] INFO  testCases.TC_01_AccountRegistrationTest - Clicked on My Account
18:43:23.599 [main] ERROR testCases.TC_01_AccountRegistrationTest - Test is failed.
18:44:55.174 [main] DEBUG io.netty.util.internal.logging.InternalLoggerFactory - Using Log4J2 as the default logging framework
18:44:55.195 [main] DEBUG io.netty.util.ResourceLeakDetector - -Dio.netty.leakDetection.level: simple
18:44:55.195 [main] DEBUG io.netty.util.ResourceLeakDetector - -Dio.netty.leakDetection.targetRecords: 4
18:44:55.202 [main] DEBUG io.netty.util.ResourceLeakDetectorFactory - Loaded default ResourceLeakDetector: io.netty.util.ResourceLeakDetector@3bde62ff
18:44:55.228 [main] DEBUG io.netty.util.internal.PlatformDependent0 - -Dio.netty.noUnsafe: false
18:44:55.228 [main] DEBUG io.netty.util.internal.PlatformDependent0 - Java version: 19
18:44:55.229 [main] DEBUG io.netty.util.internal.PlatformDependent0 - sun.misc.Unsafe.theUnsafe: available
18:44:55.231 [main] DEBUG io.netty.util.internal.PlatformDependent0 - sun.misc.Unsafe.copyMemory: available
18:44:55.231 [main] DEBUG io.netty.util.internal.PlatformDependent0 - sun.misc.Unsafe.storeFence: available
18:44:55.232 [main] DEBUG io.netty.util.internal.PlatformDependent0 - java.nio.Buffer.address: available
18:44:55.234 [main] DEBUG io.netty.util.internal.PlatformDependent0 - direct buffer constructor: unavailable: Reflective setAccessible(true) disabled
18:44:55.235 [main] DEBUG io.netty.util.internal.PlatformDependent0 - java.nio.Bits.unaligned: available, true
18:44:55.237 [main] DEBUG io.netty.util.internal.PlatformDependent0 - jdk.internal.misc.Unsafe.allocateUninitializedArray(int): unavailable: class io.netty.util.internal.PlatformDependent0$7 cannot access class jdk.internal.misc.Unsafe (in module java.base) because module java.base does not export jdk.internal.misc to unnamed module @1ed6993a
18:44:55.239 [main] DEBUG io.netty.util.internal.PlatformDependent0 - java.nio.DirectByteBuffer.<init>(long, int): unavailable
18:44:55.239 [main] DEBUG io.netty.util.internal.PlatformDependent - sun.misc.Unsafe: available
18:44:55.240 [main] DEBUG io.netty.util.internal.PlatformDependent - maxDirectMemory: 4267704320 bytes (maybe)
18:44:55.240 [main] DEBUG io.netty.util.internal.PlatformDependent - -Dio.netty.tmpdir: C:\Users\Kartikey\AppData\Local\Temp (java.io.tmpdir)
18:44:55.240 [main] DEBUG io.netty.util.internal.PlatformDependent - -Dio.netty.bitMode: 64 (sun.arch.data.model)
18:44:55.241 [main] DEBUG io.netty.util.internal.PlatformDependent - Platform: Windows
18:44:55.242 [main] DEBUG io.netty.util.internal.PlatformDependent - -Dio.netty.maxDirectMemory: -1 bytes
18:44:55.242 [main] DEBUG io.netty.util.internal.PlatformDependent - -Dio.netty.uninitializedArrayAllocationThreshold: -1
18:44:55.246 [main] DEBUG io.netty.util.internal.CleanerJava9 - java.nio.ByteBuffer.cleaner(): available
18:44:55.246 [main] DEBUG io.netty.util.internal.PlatformDependent - -Dio.netty.noPreferDirect: false
18:44:55.256 [main] DEBUG io.netty.util.internal.PlatformDependent - org.jctools-core.MpscChunkedArrayQueue: available
18:44:55.280 [main] DEBUG io.netty.util.internal.InternalThreadLocalMap - -Dio.netty.threadLocalMap.stringBuilder.initialSize: 1024
18:44:55.280 [main] DEBUG io.netty.util.internal.InternalThreadLocalMap - -Dio.netty.threadLocalMap.stringBuilder.maxSize: 4096
18:44:55.463 [main] DEBUG io.netty.handler.ssl.JdkSslContext - Default protocols (JDK): [TLSv1.3, TLSv1.2] 
18:44:55.463 [main] DEBUG io.netty.handler.ssl.JdkSslContext - Default cipher suites (JDK): [TLS_ECDHE_ECDSA_WITH_AES_256_GCM_SHA384, TLS_ECDHE_ECDSA_WITH_AES_128_GCM_SHA256, TLS_ECDHE_RSA_WITH_AES_128_GCM_SHA256, TLS_ECDHE_RSA_WITH_AES_256_GCM_SHA384, TLS_ECDHE_RSA_WITH_AES_128_CBC_SHA, TLS_ECDHE_RSA_WITH_AES_256_CBC_SHA, TLS_RSA_WITH_AES_128_GCM_SHA256, TLS_RSA_WITH_AES_128_CBC_SHA, TLS_RSA_WITH_AES_256_CBC_SHA, TLS_AES_128_GCM_SHA256, TLS_AES_256_GCM_SHA384]
18:44:55.499 [main] DEBUG io.netty.channel.MultithreadEventLoopGroup - -Dio.netty.eventLoopThreads: 8
18:44:55.510 [main] DEBUG io.netty.channel.nio.NioEventLoop - -Dio.netty.noKeySetOptimization: false
18:44:55.512 [main] DEBUG io.netty.channel.nio.NioEventLoop - -Dio.netty.selectorAutoRebuildThreshold: 512
18:44:55.570 [main] DEBUG io.netty.buffer.PooledByteBufAllocator - -Dio.netty.allocator.numHeapArenas: 8
18:44:55.570 [main] DEBUG io.netty.buffer.PooledByteBufAllocator - -Dio.netty.allocator.numDirectArenas: 8
18:44:55.570 [main] DEBUG io.netty.buffer.PooledByteBufAllocator - -Dio.netty.allocator.pageSize: 8192
18:44:55.570 [main] DEBUG io.netty.buffer.PooledByteBufAllocator - -Dio.netty.allocator.maxOrder: 9
18:44:55.570 [main] DEBUG io.netty.buffer.PooledByteBufAllocator - -Dio.netty.allocator.chunkSize: 4194304
18:44:55.570 [main] DEBUG io.netty.buffer.PooledByteBufAllocator - -Dio.netty.allocator.smallCacheSize: 256
18:44:55.570 [main] DEBUG io.netty.buffer.PooledByteBufAllocator - -Dio.netty.allocator.normalCacheSize: 64
18:44:55.570 [main] DEBUG io.netty.buffer.PooledByteBufAllocator - -Dio.netty.allocator.maxCachedBufferCapacity: 32768
18:44:55.570 [main] DEBUG io.netty.buffer.PooledByteBufAllocator - -Dio.netty.allocator.cacheTrimInterval: 8192
18:44:55.570 [main] DEBUG io.netty.buffer.PooledByteBufAllocator - -Dio.netty.allocator.cacheTrimIntervalMillis: 0
18:44:55.570 [main] DEBUG io.netty.buffer.PooledByteBufAllocator - -Dio.netty.allocator.useCacheForAllThreads: false
18:44:55.570 [main] DEBUG io.netty.buffer.PooledByteBufAllocator - -Dio.netty.allocator.maxCachedByteBuffersPerChunk: 1023
18:44:55.584 [main] DEBUG io.netty.buffer.ByteBufUtil - -Dio.netty.allocator.type: pooled
18:44:55.584 [main] DEBUG io.netty.buffer.ByteBufUtil - -Dio.netty.threadLocalDirectBufferSize: 0
18:44:55.585 [main] DEBUG io.netty.buffer.ByteBufUtil - -Dio.netty.maxThreadLocalCharBufferSize: 16384
18:44:56.070 [Forwarding newSession on session null to remote] DEBUG io.netty.channel.DefaultChannelId - -Dio.netty.processId: 23048 (auto-detected)
18:44:56.072 [Forwarding newSession on session null to remote] DEBUG io.netty.util.NetUtil - -Djava.net.preferIPv4Stack: false
18:44:56.072 [Forwarding newSession on session null to remote] DEBUG io.netty.util.NetUtil - -Djava.net.preferIPv6Addresses: false
18:44:56.087 [Forwarding newSession on session null to remote] DEBUG io.netty.util.NetUtilInitializations - Loopback interface: lo (Software Loopback Interface 1, 127.0.0.1)
18:44:56.089 [Forwarding newSession on session null to remote] DEBUG io.netty.util.NetUtil - Failed to get SOMAXCONN from sysctl and file \proc\sys\net\core\somaxconn. Default: 200
18:44:56.136 [Forwarding newSession on session null to remote] DEBUG io.netty.channel.DefaultChannelId - -Dio.netty.machineId: 00:50:56:ff:fe:c0:00:01 (auto-detected)
18:44:56.201 [AsyncHttpClient-1-2] DEBUG io.netty.buffer.AbstractByteBuf - -Dio.netty.buffer.checkAccessible: true
18:44:56.202 [AsyncHttpClient-1-2] DEBUG io.netty.buffer.AbstractByteBuf - -Dio.netty.buffer.checkBounds: true
18:44:56.202 [AsyncHttpClient-1-2] DEBUG io.netty.util.ResourceLeakDetectorFactory - Loaded default ResourceLeakDetector: io.netty.util.ResourceLeakDetector@4baf6f73
18:44:56.228 [AsyncHttpClient-1-2] DEBUG io.netty.util.Recycler - -Dio.netty.recycler.maxCapacityPerThread: 4096
18:44:56.228 [AsyncHttpClient-1-2] DEBUG io.netty.util.Recycler - -Dio.netty.recycler.ratio: 8
18:44:56.228 [AsyncHttpClient-1-2] DEBUG io.netty.util.Recycler - -Dio.netty.recycler.chunkSize: 32
18:44:56.228 [AsyncHttpClient-1-2] DEBUG io.netty.util.Recycler - -Dio.netty.recycler.blocking: false
18:44:57.289 [AsyncHttpClient-1-2] DEBUG io.netty.handler.codec.compression.Brotli - brotli4j not in the classpath; Brotli support will be unavailable.
18:44:57.493 [main] DEBUG io.netty.util.internal.ThreadLocalRandom - -Dio.netty.initialSeedUniquifier: 0x7fdcb9e9b7bb2493
18:45:00.395 [main] DEBUG testCases.TC_01_AccountRegistrationTest - Application logs............
18:45:00.396 [main] INFO  testCases.TC_01_AccountRegistrationTest - *********Starting TC_01_AccountRegistrationTest*********
18:45:02.246 [main] INFO  testCases.TC_01_AccountRegistrationTest - Clicked on My Account
18:45:02.279 [main] INFO  testCases.TC_01_AccountRegistrationTest - Waiting for ad popup
18:45:12.382 [main] ERROR testCases.TC_01_AccountRegistrationTest - Test is failed.
18:45:52.438 [main] INFO  testCases.TC_01_AccountRegistrationTest - *********Starting TC_01_AccountRegistrationTest*********
18:45:54.047 [main] INFO  testCases.TC_01_AccountRegistrationTest - Clicked on My Account
18:45:54.101 [main] INFO  testCases.TC_01_AccountRegistrationTest - Waiting for ad popup
18:46:04.476 [main] ERROR testCases.TC_01_AccountRegistrationTest - Test is failed.
18:49:44.003 [main] INFO  testCases.TC_01_AccountRegistrationTest - *********Starting TC_01_AccountRegistrationTest*********
18:49:45.867 [main] INFO  testCases.TC_01_AccountRegistrationTest - Clicked on My Account
18:49:46.173 [main] INFO  testCases.TC_01_AccountRegistrationTest - Waiting for ad popup
18:51:22.942 [main] INFO  testCases.TC_01_AccountRegistrationTest - *********Starting TC_01_AccountRegistrationTest*********
18:51:24.601 [main] INFO  testCases.TC_01_AccountRegistrationTest - Clicked on My Account
18:51:25.027 [main] INFO  testCases.TC_01_AccountRegistrationTest - Entered Email
18:51:25.220 [main] INFO  testCases.TC_01_AccountRegistrationTest - Entered Pass
18:51:26.847 [main] INFO  testCases.TC_01_AccountRegistrationTest - Clicked Register
18:51:26.914 [main] INFO  testCases.TC_01_AccountRegistrationTest - *********Finished TC_01_AccountRegistrationTest*********
18:53:32.960 [main] INFO  testCases.TC_01_AccountRegistrationTest - *********Starting TC_01_AccountRegistrationTest*********
18:53:33.268 [main] INFO  testCases.TC_01_AccountRegistrationTest - Clicked on My Account
18:53:43.366 [main] INFO  testCases.TC_01_AccountRegistrationTest - *********Starting TC_01_AccountRegistrationTest*********
18:53:44.452 [main] INFO  testCases.TC_01_AccountRegistrationTest - *********Starting TC_01_AccountRegistrationTest*********
18:53:45.529 [main] INFO  testCases.TC_01_AccountRegistrationTest - *********Starting TC_01_AccountRegistrationTest*********
18:53:46.640 [main] INFO  testCases.TC_01_AccountRegistrationTest - *********Starting TC_01_AccountRegistrationTest*********
18:53:48.338 [main] INFO  testCases.TC_01_AccountRegistrationTest - *********Starting TC_01_AccountRegistrationTest*********
18:54:15.049 [main] INFO  testCases.TC_01_AccountRegistrationTest - *********Starting TC_01_AccountRegistrationTest*********
18:54:15.250 [main] INFO  testCases.TC_01_AccountRegistrationTest - Clicked on My Account
18:54:25.368 [main] INFO  testCases.TC_01_AccountRegistrationTest - *********Starting TC_01_AccountRegistrationTest*********
18:54:26.461 [main] INFO  testCases.TC_01_AccountRegistrationTest - *********Starting TC_01_AccountRegistrationTest*********
18:54:27.589 [main] INFO  testCases.TC_01_AccountRegistrationTest - *********Starting TC_01_AccountRegistrationTest*********
18:54:28.653 [main] INFO  testCases.TC_01_AccountRegistrationTest - *********Starting TC_01_AccountRegistrationTest*********
18:54:29.773 [main] INFO  testCases.TC_01_AccountRegistrationTest - *********Starting TC_01_AccountRegistrationTest*********
18:54:44.628 [main] INFO  testCases.TC_01_AccountRegistrationTest - *********Starting TC_01_AccountRegistrationTest*********
18:54:46.426 [main] INFO  testCases.TC_01_AccountRegistrationTest - Clicked on My Account
18:54:46.747 [main] INFO  testCases.TC_01_AccountRegistrationTest - Entered Email
18:54:46.933 [main] INFO  testCases.TC_01_AccountRegistrationTest - Entered Pass
18:54:48.833 [main] INFO  testCases.TC_01_AccountRegistrationTest - Clicked Register
18:54:48.905 [main] INFO  testCases.TC_01_AccountRegistrationTest - *********Finished TC_01_AccountRegistrationTest*********
18:54:48.919 [main] INFO  testCases.TC_01_AccountRegistrationTest - *********Starting TC_01_AccountRegistrationTest*********
18:54:50.299 [main] INFO  testCases.TC_01_AccountRegistrationTest - Clicked on My Account
18:55:00.378 [main] INFO  testCases.TC_01_AccountRegistrationTest - *********Starting TC_01_AccountRegistrationTest*********
18:55:01.629 [main] INFO  testCases.TC_01_AccountRegistrationTest - Clicked on My Account
18:55:11.703 [main] INFO  testCases.TC_01_AccountRegistrationTest - *********Starting TC_01_AccountRegistrationTest*********
18:55:12.762 [main] INFO  testCases.TC_01_AccountRegistrationTest - Clicked on My Account
18:55:22.855 [main] INFO  testCases.TC_01_AccountRegistrationTest - *********Starting TC_01_AccountRegistrationTest*********
18:55:24.067 [main] INFO  testCases.TC_01_AccountRegistrationTest - Clicked on My Account
18:55:31.678 [main] INFO  testCases.TC_01_AccountRegistrationTest - *********Starting TC_01_AccountRegistrationTest*********
18:55:45.834 [main] INFO  testCases.TC_01_AccountRegistrationTest - *********Starting TC_01_AccountRegistrationTest*********
18:55:47.662 [main] INFO  testCases.TC_01_AccountRegistrationTest - Clicked on My Account
18:55:48.171 [main] INFO  testCases.TC_01_AccountRegistrationTest - Entered Email
18:55:48.358 [main] INFO  testCases.TC_01_AccountRegistrationTest - Entered Pass
18:55:50.626 [main] INFO  testCases.TC_01_AccountRegistrationTest - Clicked Register
18:55:50.862 [main] INFO  testCases.TC_01_AccountRegistrationTest - *********Finished TC_01_AccountRegistrationTest*********
18:55:50.871 [main] INFO  testCases.TC_01_AccountRegistrationTest - *********Starting TC_01_AccountRegistrationTest*********
18:55:51.011 [main] INFO  testCases.TC_01_AccountRegistrationTest - *********Starting TC_01_AccountRegistrationTest*********
18:55:51.045 [main] INFO  testCases.TC_01_AccountRegistrationTest - *********Starting TC_01_AccountRegistrationTest*********
18:55:51.061 [main] INFO  testCases.TC_01_AccountRegistrationTest - *********Starting TC_01_AccountRegistrationTest*********
18:55:51.077 [main] INFO  testCases.TC_01_AccountRegistrationTest - *********Starting TC_01_AccountRegistrationTest*********
19:04:16.643 [main] INFO  testCases.TC_01_AccountRegistrationTest - *********Starting TC_01_AccountRegistrationTest*********
19:04:18.300 [main] INFO  testCases.TC_01_AccountRegistrationTest - Clicked on My Account
19:04:58.730 [main] INFO  testCases.TC_01_AccountRegistrationTest - *********Starting TC_01_AccountRegistrationTest*********
19:04:59.386 [main] INFO  testCases.TC_01_AccountRegistrationTest - Clicked on My Account
19:07:02.788 [main] INFO  testCases.TC_01_AccountRegistrationTest - *********Starting TC_01_AccountRegistrationTest*********
19:07:02.993 [main] INFO  testCases.TC_01_AccountRegistrationTest - Clicked on My Account
18:22:26.744 [main] INFO  testCases.TC_01_AccountRegistrationTest - *********Starting TC_01_AccountRegistrationTest*********
18:22:27.131 [main] INFO  testCases.TC_01_AccountRegistrationTest - Clicked on My Account
18:23:11.833 [main] INFO  testCases.TC_01_AccountRegistrationTest - *********Starting TC_01_AccountRegistrationTest*********
18:23:11.990 [main] INFO  testCases.TC_01_AccountRegistrationTest - Clicked on My Account
18:23:46.221 [main] INFO  testCases.TC_01_AccountRegistrationTest - *********Starting TC_01_AccountRegistrationTest*********
18:23:48.154 [main] INFO  testCases.TC_01_AccountRegistrationTest - Clicked on My Account
18:24:27.471 [main] INFO  testCases.TC_01_AccountRegistrationTest - *********Starting TC_01_AccountRegistrationTest*********
18:24:27.672 [main] INFO  testCases.TC_01_AccountRegistrationTest - Clicked on My Account
18:29:31.885 [main] INFO  testCases.TC_01_AccountRegistrationTest - *********Starting TC_01_AccountRegistrationTest*********
18:29:32.073 [main] INFO  testCases.TC_01_AccountRegistrationTest - Clicked on My Account
18:33:15.921 [main] INFO  testCases.TC_01_AccountRegistrationTest - *********Starting TC_01_AccountRegistrationTest*********
18:33:16.868 [main] INFO  testCases.TC_01_AccountRegistrationTest - Clicked on My Account
18:33:16.871 [main] INFO  testCases.TC_01_AccountRegistrationTest - Waiting for ad popup
18:36:23.928 [main] INFO  testCases.TC_01_AccountRegistrationTest - *********Starting TC_01_AccountRegistrationTest*********
18:36:24.419 [main] INFO  testCases.TC_01_AccountRegistrationTest - Clicked on My Account
18:36:24.424 [main] INFO  testCases.TC_01_AccountRegistrationTest - Waiting for ad popup
18:37:14.752 [main] INFO  testCases.TC_01_AccountRegistrationTest - *********Starting TC_01_AccountRegistrationTest*********
18:37:15.095 [main] INFO  testCases.TC_01_AccountRegistrationTest - Clicked on My Account
18:37:15.099 [main] INFO  testCases.TC_01_AccountRegistrationTest - Waiting for ad popup
18:38:42.133 [main] INFO  testCases.TC_01_AccountRegistrationTest - *********Starting TC_01_AccountRegistrationTest*********
18:38:42.270 [main] INFO  testCases.TC_01_AccountRegistrationTest - Clicked on My Account
18:38:42.275 [main] INFO  testCases.TC_01_AccountRegistrationTest - Waiting for ad popup
18:40:18.939 [main] INFO  testCases.TC_01_AccountRegistrationTest - *********Starting TC_01_AccountRegistrationTest*********
18:40:21.009 [main] INFO  testCases.TC_01_AccountRegistrationTest - Clicked on My Account
18:40:21.015 [main] INFO  testCases.TC_01_AccountRegistrationTest - Waiting for ad popup
18:41:15.021 [main] INFO  testCases.TC_01_AccountRegistrationTest - *********Starting TC_01_AccountRegistrationTest*********
18:41:15.392 [main] INFO  testCases.TC_01_AccountRegistrationTest - Clicked on My Account
